<?xml version="1.0" encoding="UTF-8"?>
<!-- Generated by org.testng.reporters.JUnitReportReporter -->
<testsuite hostname="LAPTOP-A95BR07E" failures="0" tests="1" name="testCase.TC_001_AccountRegistrationTest" time="2.130" errors="0" timestamp="2023-07-31T22:49:31 IST" skipped="0">
  <testcase classname="testCase.TC_001_AccountRegistrationTest" name="test_account_Registration" time="2.130"/>
</testsuite> <!-- testCase.TC_001_AccountRegistrationTest -->
