<?xml version="1.0" encoding="UTF-8"?>
<!-- Generated by org.testng.reporters.JUnitReportReporter -->
<testsuite hostname="LAPTOP-A95BR07E" failures="0" tests="9" name="testCase.Login" time="1.551" errors="0" timestamp="2023-07-04T23:04:13 IST" skipped="0">
  <testcase classname="testCase.Login" name="clickMyAccount" time="0.145"/>
  <testcase classname="testCase.Login" name="ClickOnTheLoginLink" time="0.435"/>
  <testcase classname="testCase.Login" name="EnterTheEmailID" time="0.155"/>
  <testcase classname="testCase.Login" name="EmailIsDisplayed" time="0.060"/>
  <testcase classname="testCase.Login" name="EmailIsEnabled" time="0.034"/>
  <testcase classname="testCase.Login" name="EmailIsSelected" time="0.037"/>
  <testcase classname="testCase.Login" name="EnterThePassword" time="0.096"/>
  <testcase classname="testCase.Login" name="ClickOnLoginButton" time="0.091"/>
  <testcase classname="testCase.Login" name="verifyMyAccount" time="0.498"/>
</testsuite> <!-- testCase.Login -->
