<?xml version="1.0" encoding="UTF-8"?>
<!-- Generated by org.testng.reporters.JUnitReportReporter -->
<testsuite hostname="LAPTOP-A95BR07E" failures="0" tests="9" name="testCase.Login" time="1.693" errors="0" timestamp="2023-07-23T17:37:13 IST" skipped="0">
  <testcase classname="testCase.Login" name="clickMyAccount" time="0.160"/>
  <testcase classname="testCase.Login" name="ClickOnTheLoginLink" time="0.460"/>
  <testcase classname="testCase.Login" name="EnterTheEmailID" time="0.169"/>
  <testcase classname="testCase.Login" name="EmailIsDisplayed" time="0.061"/>
  <testcase classname="testCase.Login" name="EmailIsEnable" time="0.041"/>
  <testcase classname="testCase.Login" name="EmailIsSelected" time="0.037"/>
  <testcase classname="testCase.Login" name="EnterThePassword" time="0.097"/>
  <testcase classname="testCase.Login" name="ClickOnLoginButton" time="0.095"/>
  <testcase classname="testCase.Login" name="verifyMyAccount" time="0.573"/>
</testsuite> <!-- testCase.Login -->
