<?xml version="1.0" encoding="UTF-8"?>
<!-- Generated by org.testng.reporters.JUnitReportReporter -->
<testsuite hostname="LAPTOP-A95BR07E" failures="0" tests="1" name="testCase.TC_001_AccountRegistrationTest" time="1.823" errors="0" timestamp="2023-07-04T23:04:37 IST" skipped="0">
  <testcase classname="testCase.TC_001_AccountRegistrationTest" name="test_account_Registration" time="1.823"/>
</testsuite> <!-- testCase.TC_001_AccountRegistrationTest -->
