<?xml version="1.0" encoding="UTF-8"?>
<!-- Generated by org.testng.reporters.JUnitReportReporter -->
<testsuite hostname="LAPTOP-A95BR07E" failures="0" tests="9" name="testCase.Login" time="1.503" errors="0" timestamp="2023-07-04T23:39:39 IST" skipped="0">
  <testcase classname="testCase.Login" name="clickMyAccount" time="0.140"/>
  <system-out/>
  <testcase classname="testCase.Login" name="ClickOnTheLoginLink" time="0.415"/>
  <system-out/>
  <testcase classname="testCase.Login" name="EnterTheEmailID" time="0.165"/>
  <system-out/>
  <testcase classname="testCase.Login" name="EmailIsDisplayed" time="0.051"/>
  <system-out/>
  <testcase classname="testCase.Login" name="EmailIsEnabled" time="0.031"/>
  <system-out/>
  <testcase classname="testCase.Login" name="EmailIsSelected" time="0.033"/>
  <system-out/>
  <testcase classname="testCase.Login" name="EnterThePassword" time="0.104"/>
  <system-out/>
  <testcase classname="testCase.Login" name="ClickOnLoginButton" time="0.088"/>
  <system-out/>
  <testcase classname="testCase.Login" name="verifyMyAccount" time="0.476"/>
  <system-out/>
</testsuite> <!-- testCase.Login -->
