<?xml version="1.0" encoding="UTF-8"?>
<!-- Generated by org.testng.reporters.JUnitReportReporter -->
<testsuite hostname="LAPTOP-A95BR07E" failures="0" tests="9" name="testCase.Login" time="1.689" errors="0" timestamp="2023-07-19T22:53:12 IST" skipped="0">
  <testcase classname="testCase.Login" name="clickMyAccount" time="0.154"/>
  <system-out/>
  <testcase classname="testCase.Login" name="ClickOnTheLoginLink" time="0.478"/>
  <system-out/>
  <testcase classname="testCase.Login" name="EnterTheEmailID" time="0.165"/>
  <system-out/>
  <testcase classname="testCase.Login" name="EmailIsDisplayed" time="0.053"/>
  <system-out/>
  <testcase classname="testCase.Login" name="EmailIsEnabled" time="0.029"/>
  <system-out/>
  <testcase classname="testCase.Login" name="EmailIsSelected" time="0.039"/>
  <system-out/>
  <testcase classname="testCase.Login" name="EnterThePassword" time="0.102"/>
  <system-out/>
  <testcase classname="testCase.Login" name="ClickOnLoginButton" time="0.097"/>
  <system-out/>
  <testcase classname="testCase.Login" name="verifyMyAccount" time="0.572"/>
  <system-out/>
</testsuite> <!-- testCase.Login -->
