<?xml version="1.0" encoding="UTF-8"?>
<!-- Generated by org.testng.reporters.JUnitReportReporter -->
<testsuite hostname="LAPTOP-A95BR07E" failures="0" tests="2" name="testCase.TableManage" time="1.470" errors="0" timestamp="2023-08-20T16:58:01 IST" skipped="0">
  <testcase classname="testCase.TableManage" name="Name" time="1.015"/>
  <system-out/>
  <testcase classname="testCase.TableManage" name="Name1" time="0.455"/>
  <system-out/>
</testsuite> <!-- testCase.TableManage -->
