<?xml version="1.0" encoding="UTF-8"?>
<!-- Generated by org.testng.reporters.JUnitReportReporter -->
<testsuite hostname="LAPTOP-A95BR07E" failures="0" tests="9" name="testCase.Login" time="1.699" errors="0" timestamp="2023-07-06T22:59:42 IST" skipped="0">
  <testcase classname="testCase.Login" name="clickMyAccount" time="0.162"/>
  <system-out/>
  <testcase classname="testCase.Login" name="ClickOnTheLoginLink" time="0.506"/>
  <system-out/>
  <testcase classname="testCase.Login" name="EnterTheEmailID" time="0.152"/>
  <system-out/>
  <testcase classname="testCase.Login" name="EmailIsDisplayed" time="0.064"/>
  <system-out/>
  <testcase classname="testCase.Login" name="EmailIsEnabled" time="0.038"/>
  <system-out/>
  <testcase classname="testCase.Login" name="EmailIsSelected" time="0.036"/>
  <system-out/>
  <testcase classname="testCase.Login" name="EnterThePassword" time="0.090"/>
  <system-out/>
  <testcase classname="testCase.Login" name="ClickOnLoginButton" time="0.086"/>
  <system-out/>
  <testcase classname="testCase.Login" name="verifyMyAccount" time="0.565"/>
  <system-out/>
</testsuite> <!-- testCase.Login -->
